<?xml version="1.0" encoding="UTF-8"?>
<!-- Generated by org.testng.reporters.JUnitXMLReporter -->
<testsuite ignored="0" hostname="Home-PC" failures="1" tests="2" name="Test" time="39.824" errors="0" timestamp="2022-06-09T18:39:49 IST">
  <testcase classname="Testcases.TC_LoginTest_001" name="loginTest" time="18.525"/>
  <testcase classname="Testcases.TC_LoginDDT_002" name="loginTest" time="0.0">
    <failure type="java.lang.RuntimeException" message="java.io.FileNotFoundException: C:\Users\Home\eclipse-workspace\nopCommerce\src\test\java\com\nopcommerce\testData\LoginData.xlsx (The system cannot find the path specified)">
      <![CDATA[java.lang.RuntimeException: java.io.FileNotFoundException: C:\Users\Home\eclipse-workspace\nopCommerce\src\test\java\com\nopcommerce\testData\LoginData.xlsx (The system cannot find the path specified)
at java.base/java.util.ArrayList.forEach(ArrayList.java:1511)
Caused by: java.io.FileNotFoundException: C:\Users\Home\eclipse-workspace\nopCommerce\src\test\java\com\nopcommerce\testData\LoginData.xlsx (The system cannot find the path specified)
at java.base/java.io.FileInputStream.open0(Native Method)
at java.base/java.io.FileInputStream.open(FileInputStream.java:216)
at java.base/java.io.FileInputStream.<init>(FileInputStream.java:157)
at java.base/java.io.FileInputStream.<init>(FileInputStream.java:111)
at utilities.XLUtils.getRowCount(XLUtils.java:18)
at Testcases.TC_LoginDDT_002.getData(TC_LoginDDT_002.java:49)
... 25 more
... Removed 32 stack frames]]>
    </failure>
  </testcase> <!-- loginTest -->
</testsuite> <!-- Test -->
